[INFO] 2019-03-23 10:28:36,352 : 

   __  ___     __________    __  _____
  /  |/  /__ _/ __/_  __/___/  |/  / /
 / /|_/ / _ `/\ \  / / /___/ /|_/ / /__
/_/  /_/\_,_/___/ /_/     /_/  /_/____/


MAST-ML run on 2019-03-23 15:28:36 using 
conf file: learning_curve.conf
csv file:  generated_features.xlsx
saving to: learning


[INFO] 2019-03-23 10:28:36,352 : Copying input files to output directory...
[INFO] 2019-03-23 10:28:45,330 : blacklisted features, either from "not_input_features" or a "grouping_column":['Simulated Composition']
[WARNING] 2019-03-23 10:28:45,339 : You have selected data cleaning with Imputation. Note that imputation will not resolve missing target data. It is recommended to remove missing target data
[DEBUG] 2019-03-23 10:28:46,139 : splitter_to_group_names:
{}
[DEBUG] 2019-03-23 10:28:46,139 : instantiation: KernelRidge, KernelRidge({'kernel': 'rbf', 'alpha': 1, 'gamma': 1})
[DEBUG] 2019-03-23 10:28:46,139 : instantiation: KernelRidge_select, KernelRidge({'kernel': 'rbf', 'alpha': 1, 'gamma': 1})
[DEBUG] 2019-03-23 10:28:46,139 : instantiation: KernelRidge_learn, KernelRidge({'kernel': 'rbf', 'alpha': 1, 'gamma': 1})
[DEBUG] 2019-03-23 10:28:46,140 : models, pre-snatching: 
OrderedDict([('KernelRidge', KernelRidge(alpha=1, coef0=1, degree=3, gamma=1, kernel='rbf',
      kernel_params=None)), ('KernelRidge_select', KernelRidge(alpha=1, coef0=1, degree=3, gamma=1, kernel='rbf',
      kernel_params=None)), ('KernelRidge_learn', KernelRidge(alpha=1, coef0=1, degree=3, gamma=1, kernel='rbf',
      kernel_params=None))])
[DEBUG] 2019-03-23 10:28:46,140 : models, post-snatching: 
OrderedDict([('KernelRidge', KernelRidge(alpha=1, coef0=1, degree=3, gamma=1, kernel='rbf',
      kernel_params=None)), ('KernelRidge_learn', KernelRidge(alpha=1, coef0=1, degree=3, gamma=1, kernel='rbf',
      kernel_params=None))])
[DEBUG] 2019-03-23 10:28:46,140 : instantiation: DoNothing, DoNothing({})
[DEBUG] 2019-03-23 10:28:46,140 : instantiation: StandardScaler, StandardScaler({})
[DEBUG] 2019-03-23 10:28:46,140 : instantiation: NoSplit, NoSplit({})
[DEBUG] 2019-03-23 10:28:46,140 : instantiation: RepeatedKFold, RepeatedKFold({'n_splits': 5, 'n_repeats': 2})
[DEBUG] 2019-03-23 10:28:46,141 : instantiation: RepeatedKFold_learn, RepeatedKFold({'n_splits': 5, 'n_repeats': 2})
[DEBUG] 2019-03-23 10:28:46,141 : cv, pre-snatching: 
OrderedDict([('NoSplit', NoSplit()), ('RepeatedKFold', <sklearn.model_selection._split.RepeatedKFold object at 0x7f7a646aa518>)])
[DEBUG] 2019-03-23 10:28:46,141 : cv, post-snatching: 
OrderedDict([('NoSplit', NoSplit()), ('RepeatedKFold', <sklearn.model_selection._split.RepeatedKFold object at 0x7f7a646aa518>)])
[DEBUG] 2019-03-23 10:28:46,141 : instantiation: SequentialFeatureSelector, SequentialFeatureSelector({'estimator': KernelRidge(alpha=1, coef0=1, degree=3, gamma=1, kernel='rbf',
      kernel_params=None), 'k_features': 20})
[DEBUG] 2019-03-23 10:28:46,142 : generators: 
[['DoNothing', NoGenerate()]]
[DEBUG] 2019-03-23 10:28:46,142 : clusterers: 
[]
[DEBUG] 2019-03-23 10:28:46,142 : normalizers: 
[['StandardScaler', StandardScaler(copy=True, with_mean=True, with_std=True)]]
[DEBUG] 2019-03-23 10:28:46,142 : hyperopts: 
[]
[DEBUG] 2019-03-23 10:28:46,142 : selectors: 
[['SequentialFeatureSelector', SequentialFeatureSelector(clone_estimator=True, cv=5,
             estimator=KernelRidge(alpha=1, coef0=1, degree=3, gamma=1, kernel='rbf',
      kernel_params=None),
             floating=False, forward=True, k_features=20, n_jobs=1,
             pre_dispatch='2*n_jobs', scoring=None, verbose=0)]]
[DEBUG] 2019-03-23 10:28:46,142 : splitters: 
[('NoSplit', NoSplit()), ('RepeatedKFold', <sklearn.model_selection._split.RepeatedKFold object at 0x7f7a646aa518>)]
[INFO] 2019-03-23 10:28:46,142 : There are 1 feature normalizers, 0 hyperparameter optimziers, 1 feature selectors, 1 models, and 2 splitters.
[INFO] 2019-03-23 10:28:46,142 : Doing feature generation...
[INFO] 2019-03-23 10:28:46,143 : Saving generated data to csv...
[DEBUG] 2019-03-23 10:28:46,143 : generated cols: Index([], dtype='object')
[INFO] 2019-03-23 10:28:46,149 : Removing constant features, regardless of feature selectors.
[INFO] 2019-03-23 10:28:46,151 : Saving generated data without constant columns to csv...
[INFO] 2019-03-23 10:28:46,165 : Doing clustering...
[INFO] 2019-03-23 10:28:46,166 : Saving clustered data to csv...
[INFO] 2019-03-23 10:28:47,199 : Running normalizer StandardScaler ...
[INFO] 2019-03-23 10:28:47,223 : Saving normalized data to csv...
[WARNING] 2019-03-23 10:29:08,601 : Using SelectKBest as feature selector does not support a custom estimator model, CV or grouping scheme. Your learning curve will be generated properly, but will not use the custom model, CV or grouping scheme
[WARNING] 2019-03-23 10:29:12,232 : Using SelectKBest as feature selector does not support a custom estimator model, CV or grouping scheme. Your learning curve will be generated properly, but will not use the custom model, CV or grouping scheme
[WARNING] 2019-03-23 10:29:15,833 : Using SelectKBest as feature selector does not support a custom estimator model, CV or grouping scheme. Your learning curve will be generated properly, but will not use the custom model, CV or grouping scheme
[WARNING] 2019-03-23 10:29:19,170 : Using SelectKBest as feature selector does not support a custom estimator model, CV or grouping scheme. Your learning curve will be generated properly, but will not use the custom model, CV or grouping scheme
[WARNING] 2019-03-23 10:29:22,586 : Using SelectKBest as feature selector does not support a custom estimator model, CV or grouping scheme. Your learning curve will be generated properly, but will not use the custom model, CV or grouping scheme
[WARNING] 2019-03-23 10:29:25,784 : Using SelectKBest as feature selector does not support a custom estimator model, CV or grouping scheme. Your learning curve will be generated properly, but will not use the custom model, CV or grouping scheme
[WARNING] 2019-03-23 10:29:29,258 : Using SelectKBest as feature selector does not support a custom estimator model, CV or grouping scheme. Your learning curve will be generated properly, but will not use the custom model, CV or grouping scheme
[WARNING] 2019-03-23 10:29:32,512 : Using SelectKBest as feature selector does not support a custom estimator model, CV or grouping scheme. Your learning curve will be generated properly, but will not use the custom model, CV or grouping scheme
[WARNING] 2019-03-23 10:29:35,781 : Using SelectKBest as feature selector does not support a custom estimator model, CV or grouping scheme. Your learning curve will be generated properly, but will not use the custom model, CV or grouping scheme
[WARNING] 2019-03-23 10:29:39,076 : Using SelectKBest as feature selector does not support a custom estimator model, CV or grouping scheme. Your learning curve will be generated properly, but will not use the custom model, CV or grouping scheme
[WARNING] 2019-03-23 10:29:42,264 : Using SelectKBest as feature selector does not support a custom estimator model, CV or grouping scheme. Your learning curve will be generated properly, but will not use the custom model, CV or grouping scheme
[WARNING] 2019-03-23 10:29:45,468 : Using SelectKBest as feature selector does not support a custom estimator model, CV or grouping scheme. Your learning curve will be generated properly, but will not use the custom model, CV or grouping scheme
[WARNING] 2019-03-23 10:29:48,728 : Using SelectKBest as feature selector does not support a custom estimator model, CV or grouping scheme. Your learning curve will be generated properly, but will not use the custom model, CV or grouping scheme
[WARNING] 2019-03-23 10:29:51,935 : Using SelectKBest as feature selector does not support a custom estimator model, CV or grouping scheme. Your learning curve will be generated properly, but will not use the custom model, CV or grouping scheme
[WARNING] 2019-03-23 10:29:55,119 : Using SelectKBest as feature selector does not support a custom estimator model, CV or grouping scheme. Your learning curve will be generated properly, but will not use the custom model, CV or grouping scheme
[WARNING] 2019-03-23 10:29:58,477 : Using SelectKBest as feature selector does not support a custom estimator model, CV or grouping scheme. Your learning curve will be generated properly, but will not use the custom model, CV or grouping scheme
[WARNING] 2019-03-23 10:30:02,021 : Using SelectKBest as feature selector does not support a custom estimator model, CV or grouping scheme. Your learning curve will be generated properly, but will not use the custom model, CV or grouping scheme
[WARNING] 2019-03-23 10:30:05,175 : Using SelectKBest as feature selector does not support a custom estimator model, CV or grouping scheme. Your learning curve will be generated properly, but will not use the custom model, CV or grouping scheme
[WARNING] 2019-03-23 10:30:08,261 : Using SelectKBest as feature selector does not support a custom estimator model, CV or grouping scheme. Your learning curve will be generated properly, but will not use the custom model, CV or grouping scheme
[WARNING] 2019-03-23 10:30:11,379 : Using SelectKBest as feature selector does not support a custom estimator model, CV or grouping scheme. Your learning curve will be generated properly, but will not use the custom model, CV or grouping scheme
[INFO] 2019-03-23 10:30:15,610 : Running selectors...
[INFO] 2019-03-23 10:30:15,610 :     Running selector SequentialFeatureSelector ...
[INFO] 2019-03-23 14:50:22,318 :     Saving selected features to csv...
[DEBUG] 2019-03-23 14:50:22,373 : Finding splitter-required columns in data...
[INFO] 2019-03-23 14:50:22,374 : Fitting models to splits...
[INFO] 2019-03-23 14:50:22,374 :     Running splits for StandardScaler/SequentialFeatureSelector/KernelRidge/NoSplit
[INFO] 2019-03-23 14:50:22,374 :         Doing split number 0
[INFO] 2019-03-23 14:50:22,395 :              Fitting model and making predictions...
[INFO] 2019-03-23 14:50:22,979 :              Saving train/test data and predictions to csv...
[INFO] 2019-03-23 14:50:23,079 :              Calculating score metrics...
[INFO] 2019-03-23 14:50:23,119 :              Making plots...
[INFO] 2019-03-23 14:50:30,027 :     Calculating mean and stdev of scores...
[INFO] 2019-03-23 14:50:30,027 :     Making best/worst plots...
[INFO] 2019-03-23 14:50:34,376 :     Running splits for StandardScaler/SequentialFeatureSelector/KernelRidge/RepeatedKFold
[INFO] 2019-03-23 14:50:34,377 :         Doing split number 0
[INFO] 2019-03-23 14:50:34,378 :              Fitting model and making predictions...
[INFO] 2019-03-23 14:50:34,686 :              Saving train/test data and predictions to csv...
[INFO] 2019-03-23 14:50:34,749 :              Calculating score metrics...
[INFO] 2019-03-23 14:50:34,753 :              Making plots...
[INFO] 2019-03-23 14:50:40,648 :         Doing split number 1
[INFO] 2019-03-23 14:50:40,650 :              Fitting model and making predictions...
[INFO] 2019-03-23 14:50:40,961 :              Saving train/test data and predictions to csv...
[INFO] 2019-03-23 14:50:41,024 :              Calculating score metrics...
[INFO] 2019-03-23 14:50:41,027 :              Making plots...
[INFO] 2019-03-23 14:50:46,819 :         Doing split number 2
[INFO] 2019-03-23 14:50:46,821 :              Fitting model and making predictions...
[INFO] 2019-03-23 14:50:47,129 :              Saving train/test data and predictions to csv...
[INFO] 2019-03-23 14:50:47,192 :              Calculating score metrics...
[INFO] 2019-03-23 14:50:47,195 :              Making plots...
[INFO] 2019-03-23 14:50:53,022 :         Doing split number 3
[INFO] 2019-03-23 14:50:53,024 :              Fitting model and making predictions...
[INFO] 2019-03-23 14:50:53,330 :              Saving train/test data and predictions to csv...
[INFO] 2019-03-23 14:50:53,392 :              Calculating score metrics...
[INFO] 2019-03-23 14:50:53,395 :              Making plots...
[INFO] 2019-03-23 14:50:59,231 :         Doing split number 4
[INFO] 2019-03-23 14:50:59,233 :              Fitting model and making predictions...
[INFO] 2019-03-23 14:50:59,541 :              Saving train/test data and predictions to csv...
[INFO] 2019-03-23 14:50:59,604 :              Calculating score metrics...
[INFO] 2019-03-23 14:50:59,607 :              Making plots...
[INFO] 2019-03-23 14:51:05,425 :         Doing split number 5
[INFO] 2019-03-23 14:51:05,427 :              Fitting model and making predictions...
[INFO] 2019-03-23 14:51:05,733 :              Saving train/test data and predictions to csv...
[INFO] 2019-03-23 14:51:05,796 :              Calculating score metrics...
[INFO] 2019-03-23 14:51:05,799 :              Making plots...
[INFO] 2019-03-23 14:51:11,679 :         Doing split number 6
[INFO] 2019-03-23 14:51:11,681 :              Fitting model and making predictions...
[INFO] 2019-03-23 14:51:11,990 :              Saving train/test data and predictions to csv...
[INFO] 2019-03-23 14:51:12,053 :              Calculating score metrics...
[INFO] 2019-03-23 14:51:12,056 :              Making plots...
[INFO] 2019-03-23 14:51:17,933 :         Doing split number 7
[INFO] 2019-03-23 14:51:17,935 :              Fitting model and making predictions...
[INFO] 2019-03-23 14:51:18,245 :              Saving train/test data and predictions to csv...
[INFO] 2019-03-23 14:51:18,307 :              Calculating score metrics...
[INFO] 2019-03-23 14:51:18,311 :              Making plots...
[INFO] 2019-03-23 14:51:24,167 :         Doing split number 8
[INFO] 2019-03-23 14:51:24,168 :              Fitting model and making predictions...
[INFO] 2019-03-23 14:51:24,477 :              Saving train/test data and predictions to csv...
[INFO] 2019-03-23 14:51:24,540 :              Calculating score metrics...
[INFO] 2019-03-23 14:51:24,543 :              Making plots...
[INFO] 2019-03-23 14:51:30,488 :         Doing split number 9
[INFO] 2019-03-23 14:51:30,490 :              Fitting model and making predictions...
[INFO] 2019-03-23 14:51:30,796 :              Saving train/test data and predictions to csv...
[INFO] 2019-03-23 14:51:30,858 :              Calculating score metrics...
[INFO] 2019-03-23 14:51:30,861 :              Making plots...
[INFO] 2019-03-23 14:51:36,713 :     Calculating mean and stdev of scores...
[INFO] 2019-03-23 14:51:36,714 :     Making best/worst plots...
[INFO] 2019-03-23 14:51:41,079 : Making image html file...
[INFO] 2019-03-23 14:51:41,098 : wrote /home/nerve/Desktop/skunkworks/lane_schultz/learning_curves/learning/index.html
[INFO] 2019-03-23 14:51:41,098 : Making html file of all runs stats...
